<?xml version="1.0" encoding="UTF-8"?>
<!-- Generated by org.testng.reporters.JUnitReportReporter -->
<testsuite hostname="DESKTOP-9A9G1KR" failures="0" tests="1" name="com.EjercicioAutomatizacion.Ejercicio_Automatizacion" time="9.021" errors="0" timestamp="2022-09-03T11:57:20 ART" skipped="0">
  <testcase classname="com.EjercicioAutomatizacion.Ejercicio_Automatizacion" name="testGooglePage" time="9.021"/>
  <system-out/>
</testsuite> <!-- com.EjercicioAutomatizacion.Ejercicio_Automatizacion -->
